Using pre-set license
Built from '2021.3/staging' branch; Version is '2021.3.30f1 (b4360d7cdac4) revision 11810317'; Using compiler version '192829333'; Build Type 'Release'
OS: 'Windows 10  (10.0.19045) 64bit Professional' Language: 'en' Physical Memory: 65443 MB
BatchMode: 1, IsHumanControllingUs: 0, StartBugReporterOnCrash: 0, Is64bit: 1, IsPro: 1

COMMAND LINE ARGUMENTS:
C:\Program Files\Unity\Hub\Editor\2021.3.30f1\Editor\Unity.exe
-adb2
-batchMode
-noUpm
-name
AssetImportWorker4
-projectPath
C:/Users/tonyr/Documents/Unity/Karting 2
-logFile
Logs/AssetImportWorker4.log
-srvPort
53129
Successfully changed project path to: C:/Users/tonyr/Documents/Unity/Karting 2
C:/Users/tonyr/Documents/Unity/Karting 2
[UnityMemory] Configuration Parameters - Can be set up in boot.config
    "memorysetup-bucket-allocator-granularity=16"
    "memorysetup-bucket-allocator-bucket-count=8"
    "memorysetup-bucket-allocator-block-size=33554432"
    "memorysetup-bucket-allocator-block-count=8"
    "memorysetup-main-allocator-block-size=16777216"
    "memorysetup-thread-allocator-block-size=16777216"
    "memorysetup-gfx-main-allocator-block-size=16777216"
    "memorysetup-gfx-thread-allocator-block-size=16777216"
    "memorysetup-cache-allocator-block-size=4194304"
    "memorysetup-typetree-allocator-block-size=2097152"
    "memorysetup-profiler-bucket-allocator-granularity=16"
    "memorysetup-profiler-bucket-allocator-bucket-count=8"
    "memorysetup-profiler-bucket-allocator-block-size=33554432"
    "memorysetup-profiler-bucket-allocator-block-count=8"
    "memorysetup-profiler-allocator-block-size=16777216"
    "memorysetup-profiler-editor-allocator-block-size=1048576"
    "memorysetup-temp-allocator-size-main=16777216"
    "memorysetup-job-temp-allocator-block-size=2097152"
    "memorysetup-job-temp-allocator-block-size-background=1048576"
    "memorysetup-job-temp-allocator-reduction-small-platforms=262144"
    "memorysetup-temp-allocator-size-background-worker=32768"
    "memorysetup-temp-allocator-size-job-worker=262144"
    "memorysetup-temp-allocator-size-preload-manager=33554432"
    "memorysetup-temp-allocator-size-nav-mesh-worker=65536"
    "memorysetup-temp-allocator-size-audio-worker=65536"
    "memorysetup-temp-allocator-size-cloud-worker=32768"
    "memorysetup-temp-allocator-size-gi-baking-worker=262144"
    "memorysetup-temp-allocator-size-gfx=262144"
Player connection [21216] Host "[IP] 192.168.0.237 [Port] 0 [Flags] 2 [Guid] 2066090341 [EditorId] 2066090341 [Version] 1048832 [Id] WindowsEditor(7,DESKTOP-60G6569) [Debug] 1 [PackageName] WindowsEditor [ProjectName] Editor" joined multi-casting on [225.0.0.222:54997]...

Player connection [21216] Host "[IP] 192.168.0.237 [Port] 0 [Flags] 2 [Guid] 2066090341 [EditorId] 2066090341 [Version] 1048832 [Id] WindowsEditor(7,DESKTOP-60G6569) [Debug] 1 [PackageName] WindowsEditor [ProjectName] Editor" joined alternative multi-casting on [225.0.0.222:34997]...

[Physics::Module] Initialized MultithreadedJobDispatcher with {0} workers.
Refreshing native plugins compatible for Editor in 154.35 ms, found 4 plugins.
Preloading 0 native plugins for Editor in 0.00 ms.
Initialize engine version: 2021.3.30f1 (b4360d7cdac4)
[Subsystems] Discovering subsystems at path C:/Program Files/Unity/Hub/Editor/2021.3.30f1/Editor/Data/Resources/UnitySubsystems
[Subsystems] Discovering subsystems at path C:/Users/tonyr/Documents/Unity/Karting 2/Assets
GfxDevice: creating device client; threaded=0; jobified=0
Direct3D:
    Version:  Direct3D 11.0 [level 11.1]
    Renderer: NVIDIA GeForce RTX 3060 (ID=0x2504)
    Vendor:   NVIDIA
    VRAM:     12129 MB
    Driver:   31.0.15.3734
Initialize mono
Mono path[0] = 'C:/Program Files/Unity/Hub/Editor/2021.3.30f1/Editor/Data/Managed'
Mono path[1] = 'C:/Program Files/Unity/Hub/Editor/2021.3.30f1/Editor/Data/MonoBleedingEdge/lib/mono/unityjit-win32'
Mono config path = 'C:/Program Files/Unity/Hub/Editor/2021.3.30f1/Editor/Data/MonoBleedingEdge/etc'
Using monoOptions --debugger-agent=transport=dt_socket,embedding=1,server=y,suspend=n,address=127.0.0.1:56772
Begin MonoManager ReloadAssembly
Registering precompiled unity dll's ...
Register platform support module: C:/Program Files/Unity/Hub/Editor/2021.3.30f1/Editor/Data/PlaybackEngines/WebGLSupport/UnityEditor.WebGL.Extensions.dll
Register platform support module: C:/Program Files/Unity/Hub/Editor/2021.3.30f1/Editor/Data/PlaybackEngines/WindowsStandaloneSupport/UnityEditor.WindowsStandalone.Extensions.dll
Registered in 0.010506 seconds.
Native extension for WindowsStandalone target not found
Native extension for WebGL target not found
Refreshing native plugins compatible for Editor in 150.39 ms, found 4 plugins.
Preloading 0 native plugins for Editor in 0.00 ms.
Mono: successfully reloaded assembly
- Completed reload, in  0.710 seconds
Domain Reload Profiling:
	ReloadAssembly (710ms)
		BeginReloadAssembly (99ms)
			ExecutionOrderSort (0ms)
			DisableScriptedObjects (0ms)
			BackupInstance (0ms)
			ReleaseScriptingObjects (0ms)
			CreateAndSetChildDomain (1ms)
		EndReloadAssembly (506ms)
			LoadAssemblies (96ms)
			RebuildTransferFunctionScriptingTraits (0ms)
			SetupTypeCache (108ms)
			ReleaseScriptCaches (0ms)
			RebuildScriptCaches (26ms)
			SetupLoadedEditorAssemblies (329ms)
				LogAssemblyErrors (0ms)
				InitializePlatformSupportModulesInManaged (10ms)
				SetLoadedEditorAssemblies (0ms)
				RefreshPlugins (150ms)
				BeforeProcessingInitializeOnLoad (1ms)
				ProcessInitializeOnLoadAttributes (123ms)
				ProcessInitializeOnLoadMethodAttributes (43ms)
				AfterProcessingInitializeOnLoad (0ms)
				EditorAssembliesLoaded (0ms)
			ExecutionOrderSort2 (0ms)
			AwakeInstancesAfterBackupRestoration (0ms)
Platform modules already initialized, skipping
Registering precompiled user dll's ...
Registered in 0.013985 seconds.
Begin MonoManager ReloadAssembly
Symbol file LoadedFromMemory is not a mono symbol file
Native extension for WindowsStandalone target not found
Native extension for WebGL target not found
Refreshing native plugins compatible for Editor in 139.66 ms, found 4 plugins.
Preloading 0 native plugins for Editor in 0.00 ms.
Package Manager log level set to [2]
[Package Manager] Server::EnsureServerProcessIsRunning -- launch failed, reason: Unity was launched with the -noUpm command-line argument
[Package Manager] Cannot connect to Unity Package Manager local server
Error loading file Library/StateCache/LayerSettings/9e/9ecc5c3c162a7aba29bafa64c8b94b7c.json. Error: System.IO.IOException: Sharing violation on path C:\Users\tonyr\Documents\Unity\Karting 2\Library\StateCache\LayerSettings\9e\9ecc5c3c162a7aba29bafa64c8b94b7c.json
  at System.IO.FileStream..ctor (System.String path, System.IO.FileMode mode, System.IO.FileAccess access, System.IO.FileShare share, System.Int32 bufferSize, System.Boolean anonymous, System.IO.FileOptions options) [0x0019e] in <9d9536d9127f4a489d989c7a566aee1c>:0 
  at System.IO.FileStream..ctor (System.String path, System.IO.FileMode mode, System.IO.FileAccess access, System.IO.FileShare share, System.Int32 bufferSize, System.IO.FileOptions options) [0x00000] in <9d9536d9127f4a489d989c7a566aee1c>:0 
  at (wrapper remoting-invoke-with-check) System.IO.FileStream..ctor(string,System.IO.FileMode,System.IO.FileAccess,System.IO.FileShare,int,System.IO.FileOptions)
  at System.IO.StreamReader..ctor (System.String path, System.Text.Encoding encoding, System.Boolean detectEncodingFromByteOrderMarks, System.Int32 bufferSize) [0x00055] in <9d9536d9127f4a489d989c7a566aee1c>:0 
  at System.IO.StreamReader..ctor (System.String path, System.Text.Encoding encoding, System.Boolean detectEncodingFromByteOrderMarks) [0x00000] in <9d9536d9127f4a489d989c7a566aee1c>:0 
  at (wrapper remoting-invoke-with-check) System.IO.StreamReader..ctor(string,System.Text.Encoding,bool)
  at System.IO.File.InternalReadAllText (System.String path, System.Text.Encoding encoding) [0x00000] in <9d9536d9127f4a489d989c7a566aee1c>:0 
  at System.IO.File.ReadAllText (System.String path, System.Text.Encoding encoding) [0x00034] in <9d9536d9127f4a489d989c7a566aee1c>:0 
  at UnityEditor.StateCache`1[T].GetState (UnityEngine.Hash128 key, T defaultValue) [0x00041] in <4f41070b52224a70bdc90f923c6b37de>:0 
UnityEngine.StackTraceUtility:ExtractStackTrace ()
UnityEngine.DebugLogHandler:LogFormat (UnityEngine.LogType,UnityEngine.Object,string,object[])
UnityEngine.Logger:Log (UnityEngine.LogType,object)
UnityEngine.Debug:LogError (object)
UnityEditor.StateCache`1<UnityEditor.Tools/LayerSettings>:GetState (UnityEngine.Hash128,UnityEditor.Tools/LayerSettings)
UnityEditor.Tools:OnEnable ()
UnityEngine.ScriptableObject:CreateInstance (System.Type)
UnityEngine.ScriptableObject:CreateInstance<UnityEditor.Tools> ()
UnityEditor.Tools:get_get ()
UnityEditor.Tools:get_lockedLayers ()
AutoLockUILayer:SetUILayerIsLocked (bool) (at Assets/Karting/Scripts/Editor/AutoLockUILayer.cs:36)
AutoLockUILayer:.cctor () (at Assets/Karting/Scripts/Editor/AutoLockUILayer.cs:16)
System.Runtime.CompilerServices.RuntimeHelpers:RunClassConstructor (System.RuntimeTypeHandle)
UnityEditor.EditorAssemblies:ProcessInitializeOnLoadAttributes (System.Type[])

(Filename: Assets/Karting/Scripts/Editor/AutoLockUILayer.cs Line: 36)

Mono: successfully reloaded assembly
- Completed reload, in  1.909 seconds
Domain Reload Profiling:
	ReloadAssembly (1910ms)
		BeginReloadAssembly (122ms)
			ExecutionOrderSort (0ms)
			DisableScriptedObjects (5ms)
			BackupInstance (0ms)
			ReleaseScriptingObjects (0ms)
			CreateAndSetChildDomain (17ms)
		EndReloadAssembly (1682ms)
			LoadAssemblies (125ms)
			RebuildTransferFunctionScriptingTraits (0ms)
			SetupTypeCache (346ms)
			ReleaseScriptCaches (1ms)
			RebuildScriptCaches (74ms)
			SetupLoadedEditorAssemblies (1108ms)
				LogAssemblyErrors (0ms)
				InitializePlatformSupportModulesInManaged (7ms)
				SetLoadedEditorAssemblies (0ms)
				RefreshPlugins (140ms)
				BeforeProcessingInitializeOnLoad (159ms)
				ProcessInitializeOnLoadAttributes (641ms)
				ProcessInitializeOnLoadMethodAttributes (150ms)
				AfterProcessingInitializeOnLoad (10ms)
				EditorAssembliesLoaded (0ms)
			ExecutionOrderSort2 (0ms)
			AwakeInstancesAfterBackupRestoration (5ms)
Platform modules already initialized, skipping
========================================================================
Worker process is ready to serve import requests
Launched and connected shader compiler UnityShaderCompiler.exe after 0.03 seconds
Refreshing native plugins compatible for Editor in 1.45 ms, found 4 plugins.
Preloading 0 native plugins for Editor in 0.00 ms.
Unloading 6995 Unused Serialized files (Serialized files now loaded: 0)
Unloading 116 unused Assets / (21.8 MB). Loaded Objects now: 7396.
Memory consumption went from 302.7 MB to 280.9 MB.
Total: 9.490500 ms (FindLiveObjects: 0.573500 ms CreateObjectMapping: 0.163300 ms MarkObjects: 5.373800 ms  DeleteObjects: 3.378900 ms)

AssetImportParameters requested are different than current active one (requested -> active):
  custom:video-decoder-ogg-theora: a1e56fd34408186e4bbccfd4996cb3dc -> 
  custom:container-muxer-webm: aa71ff27fc2769a1b78a27578f13a17b -> 
  custom:container-demuxer-webm: 4f35f7cbe854078d1ac9338744f61a02 -> 
  custom:video-encoder-webm-vp8: eb34c28f22e8b96e1ab97ce403110664 -> 
  custom:CustomObjectIndexerAttribute: 6b0e35c9178b02a6363f3721b7b8e397 -> 
  custom:audio-encoder-webm-vorbis: bf7c407c2cedff20999df2af8eb42d56 -> 
  custom:framework-win-MediaFoundation: 216162199b28c13a410421893ffa2e32 -> 
  custom:SearchIndexIgnoredProperties: e643bd26f0fe6173181afceb89e7c659 -> 
  custom:container-demuxer-ogg: 62fdf1f143b41e24485cea50d1cbac27 -> 
  custom:video-decoder-webm-vp8: 9c59270c3fd7afecdb556c50c9e8de78 -> 
  custom:audio-decoder-ogg-vorbis: bf7c407c2cedff20999df2af8eb42d56 -> 
========================================================================
Received Import Request.
  Time since last request: 29540.414328 seconds.
  path: Packages/com.unity.render-pipelines.universal/Runtime/Materials/PhysicalMaterial3DsMax
  artifactKey: Guid(6008daaf28fd58349b70105e46e2a92b) Importer(815301076,1909f56bfc062723c751e8b465ee728b)
Number of updated assets reloaded before import = 0
Start importing Packages/com.unity.render-pipelines.universal/Runtime/Materials/PhysicalMaterial3DsMax using Guid(6008daaf28fd58349b70105e46e2a92b) Importer(815301076,1909f56bfc062723c751e8b465ee728b)  -> (artifact id: '13c36d18dbc0a65fe1acc4b4aec5bb9d') in 0.012379 seconds 
Number of asset objects unloaded after import = 0
========================================================================
Received Import Request.
  Time since last request: 0.790646 seconds.
  path: Packages/com.unity.render-pipelines.universal/Runtime/Materials/ArnoldStandardSurface
  artifactKey: Guid(dadc0db69503dfa4eb1c96a19590f95c) Importer(815301076,1909f56bfc062723c751e8b465ee728b)
Number of updated assets reloaded before import = 0
Start importing Packages/com.unity.render-pipelines.universal/Runtime/Materials/ArnoldStandardSurface using Guid(dadc0db69503dfa4eb1c96a19590f95c) Importer(815301076,1909f56bfc062723c751e8b465ee728b)  -> (artifact id: '6f8a2ac1ac703b5370ce7dce18936d99') in 0.001999 seconds 
Number of asset objects unloaded after import = 0
========================================================================
Received Import Request.
  Time since last request: 249.521995 seconds.
  path: Assets/Karting/Art/Models/CheckpointRing.fbx
  artifactKey: Guid(84a7b40117d0ef4459d027ff7e7a1cc5) Importer(815301076,1909f56bfc062723c751e8b465ee728b)
Number of updated assets reloaded before import = 0
Start importing Assets/Karting/Art/Models/CheckpointRing.fbx using Guid(84a7b40117d0ef4459d027ff7e7a1cc5) Importer(815301076,1909f56bfc062723c751e8b465ee728b)  -> (artifact id: '1c1a2b205d54fa8f81a28dcf74a91442') in 0.364119 seconds 
Number of asset objects unloaded after import = 19
========================================================================
Received Import Request.
  Time since last request: 0.000020 seconds.
  path: Assets/ModAssets/Models/AncientProps/Pillar.fbx
  artifactKey: Guid(44e1bc51d0853468d8baf487909db950) Importer(815301076,1909f56bfc062723c751e8b465ee728b)
Number of updated assets reloaded before import = 0
Start importing Assets/ModAssets/Models/AncientProps/Pillar.fbx using Guid(44e1bc51d0853468d8baf487909db950) Importer(815301076,1909f56bfc062723c751e8b465ee728b)  -> (artifact id: '6b47400e42e7f425be445703ae529a05') in 0.027588 seconds 
Number of asset objects unloaded after import = 9
========================================================================
Received Import Request.
  Time since last request: 0.000029 seconds.
  path: Assets/ModAssets/Fonts/Orbitron-Regular SDF.asset
  artifactKey: Guid(d393f12bd75574ef991a7a2c74b29c69) Importer(815301076,1909f56bfc062723c751e8b465ee728b)
Number of updated assets reloaded before import = 0
Start importing Assets/ModAssets/Fonts/Orbitron-Regular SDF.asset using Guid(d393f12bd75574ef991a7a2c74b29c69) Importer(815301076,1909f56bfc062723c751e8b465ee728b)  -> (artifact id: '189b67965a94f336173d10c7cbf95d44') in 0.059734 seconds 
Number of asset objects unloaded after import = 5
========================================================================
Received Import Request.
  Time since last request: 0.000023 seconds.
  path: Assets/ModAssets/Materials/HatMaterials/PartyHatMaterial.mat
  artifactKey: Guid(bdf0bf742eef44db49906f57d30ad905) Importer(815301076,1909f56bfc062723c751e8b465ee728b)
Number of updated assets reloaded before import = 0
Start importing Assets/ModAssets/Materials/HatMaterials/PartyHatMaterial.mat using Guid(bdf0bf742eef44db49906f57d30ad905) Importer(815301076,1909f56bfc062723c751e8b465ee728b)  -> (artifact id: '6393c8ca81615b5af4b356a26e1bdbf3') in 0.066686 seconds 
Number of asset objects unloaded after import = 2
========================================================================
Received Import Request.
  Time since last request: 0.000017 seconds.
  path: Assets/ModAssets/Materials/TrailMaterials/PlatformerRainbowTrailMaterial.mat
  artifactKey: Guid(fb9022c6471ea4540bead8403c8d7496) Importer(815301076,1909f56bfc062723c751e8b465ee728b)
Number of updated assets reloaded before import = 0
Start importing Assets/ModAssets/Materials/TrailMaterials/PlatformerRainbowTrailMaterial.mat using Guid(fb9022c6471ea4540bead8403c8d7496) Importer(815301076,1909f56bfc062723c751e8b465ee728b)  -> (artifact id: '0e74a937c25d6e9de5f2e550d3891ef3') in 0.012869 seconds 
Number of asset objects unloaded after import = 3
========================================================================
Received Import Request.
  Time since last request: 0.000020 seconds.
  path: Assets/Karting/Art/Materials/Props/Pin_White.mat
  artifactKey: Guid(1aa7921302d0d584aba9f0ba2fed9277) Importer(815301076,1909f56bfc062723c751e8b465ee728b)
Number of updated assets reloaded before import = 0
Start importing Assets/Karting/Art/Materials/Props/Pin_White.mat using Guid(1aa7921302d0d584aba9f0ba2fed9277) Importer(815301076,1909f56bfc062723c751e8b465ee728b)  -> (artifact id: '34e233205e6d11dd134e6e2643ae40d9') in 0.009222 seconds 
Number of asset objects unloaded after import = 2
========================================================================
Received Import Request.
  Time since last request: 1.633907 seconds.
  path: Assets/ModAssets/Models/AncientProps/Pyramid.fbx
  artifactKey: Guid(855be228fb4e849aea507dabde98fbff) Importer(815301076,1909f56bfc062723c751e8b465ee728b)
Number of updated assets reloaded before import = 0
Start importing Assets/ModAssets/Models/AncientProps/Pyramid.fbx using Guid(855be228fb4e849aea507dabde98fbff) Importer(815301076,1909f56bfc062723c751e8b465ee728b)  -> (artifact id: 'a5de031642bb1c3a80788c7870b5669f') in 0.016473 seconds 
Number of asset objects unloaded after import = 9
========================================================================
Received Import Request.
  Time since last request: 0.000020 seconds.
  path: Assets/ModAssets/Fonts/Raleway-Regular SDF.asset
  artifactKey: Guid(2abf75d6e0d8a4aa6910fae6ee5d638b) Importer(815301076,1909f56bfc062723c751e8b465ee728b)
Number of updated assets reloaded before import = 0
Start importing Assets/ModAssets/Fonts/Raleway-Regular SDF.asset using Guid(2abf75d6e0d8a4aa6910fae6ee5d638b) Importer(815301076,1909f56bfc062723c751e8b465ee728b)  -> (artifact id: '7d8efb0cad6fe201b5313e1186a5326c') in 0.020538 seconds 
Number of asset objects unloaded after import = 5
========================================================================
Received Import Request.
  Time since last request: 0.000019 seconds.
  path: Assets/Karting/Art/Materials/Props/Ramp.mat
  artifactKey: Guid(e9440409ec6ee5140a3bc2a7ef24ad97) Importer(815301076,1909f56bfc062723c751e8b465ee728b)
Number of updated assets reloaded before import = 0
Start importing Assets/Karting/Art/Materials/Props/Ramp.mat using Guid(e9440409ec6ee5140a3bc2a7ef24ad97) Importer(815301076,1909f56bfc062723c751e8b465ee728b)  -> (artifact id: '84bc1dacadb8aa3467f6c763cca6be86') in 0.008452 seconds 
Number of asset objects unloaded after import = 2
========================================================================
Received Import Request.
  Time since last request: 0.312218 seconds.
  path: Assets/Karting/Art/Materials/Props/Ramp_30Degrees.mat
  artifactKey: Guid(fd29b49a340a1f84391f625716983113) Importer(815301076,1909f56bfc062723c751e8b465ee728b)
Number of updated assets reloaded before import = 0
Start importing Assets/Karting/Art/Materials/Props/Ramp_30Degrees.mat using Guid(fd29b49a340a1f84391f625716983113) Importer(815301076,1909f56bfc062723c751e8b465ee728b)  -> (artifact id: '6bc63778efb3f502c6bfd19a17e83989') in 0.009334 seconds 
Number of asset objects unloaded after import = 2
========================================================================
Received Import Request.
  Time since last request: 0.000015 seconds.
  path: Assets/Karting/Art/Materials/Props/Ramp_50Degrees.mat
  artifactKey: Guid(d8966ceb0c3988640a6d327c9a9104c7) Importer(815301076,1909f56bfc062723c751e8b465ee728b)
Number of updated assets reloaded before import = 0
Start importing Assets/Karting/Art/Materials/Props/Ramp_50Degrees.mat using Guid(d8966ceb0c3988640a6d327c9a9104c7) Importer(815301076,1909f56bfc062723c751e8b465ee728b)  -> (artifact id: 'c7f1dd3178ecf728c98f5c0d4ed6c329') in 0.008643 seconds 
Number of asset objects unloaded after import = 2
========================================================================
Received Import Request.
  Time since last request: 1.124097 seconds.
  path: Assets/Karting/Art/Materials/Props/Ramp_60Degrees.mat
  artifactKey: Guid(ce13997e667c3584bbb93d97d59bb6eb) Importer(815301076,1909f56bfc062723c751e8b465ee728b)
Number of updated assets reloaded before import = 0
Start importing Assets/Karting/Art/Materials/Props/Ramp_60Degrees.mat using Guid(ce13997e667c3584bbb93d97d59bb6eb) Importer(815301076,1909f56bfc062723c751e8b465ee728b)  -> (artifact id: '7cfee604c08712fd002e121dd3f45fa2') in 0.012981 seconds 
Number of asset objects unloaded after import = 2
========================================================================
Received Import Request.
  Time since last request: 0.000016 seconds.
  path: Assets/AddOns/MgKarting_Roadster/Materials/Roadster_Body.mat
  artifactKey: Guid(80c7c69fc5e8de349a2ecc93418fb947) Importer(815301076,1909f56bfc062723c751e8b465ee728b)
Number of updated assets reloaded before import = 0
Start importing Assets/AddOns/MgKarting_Roadster/Materials/Roadster_Body.mat using Guid(80c7c69fc5e8de349a2ecc93418fb947) Importer(815301076,1909f56bfc062723c751e8b465ee728b)  -> (artifact id: 'de73ba1f152b3be15ea22f9f4202e7dc') in 0.697578 seconds 
Number of asset objects unloaded after import = 4
========================================================================
Received Import Request.
  Time since last request: 0.264117 seconds.
  path: Assets/AddOns/MgKarting_Roadster/Materials/Roadster_Taillights.mat
  artifactKey: Guid(497ebc76ab3256d48959a7772374574f) Importer(815301076,1909f56bfc062723c751e8b465ee728b)
Number of updated assets reloaded before import = 0
Start importing Assets/AddOns/MgKarting_Roadster/Materials/Roadster_Taillights.mat using Guid(497ebc76ab3256d48959a7772374574f) Importer(815301076,1909f56bfc062723c751e8b465ee728b)  -> (artifact id: 'f55b2f3301c820fadc1947fe0e444f25') in 0.011344 seconds 
Number of asset objects unloaded after import = 2
========================================================================
Received Import Request.
  Time since last request: 0.000017 seconds.
  path: Assets/AddOns/MgKarting_Roadster/Materials/Roadster_Window.mat
  artifactKey: Guid(6f593a2b17c5d3a4cb3305333c8c3a29) Importer(815301076,1909f56bfc062723c751e8b465ee728b)
Number of updated assets reloaded before import = 0
Start importing Assets/AddOns/MgKarting_Roadster/Materials/Roadster_Window.mat using Guid(6f593a2b17c5d3a4cb3305333c8c3a29) Importer(815301076,1909f56bfc062723c751e8b465ee728b)  -> (artifact id: 'b190f52cff63f42674ffd7128c91a149') in 0.674279 seconds 
Number of asset objects unloaded after import = 2
========================================================================
Received Import Request.
  Time since last request: 0.000020 seconds.
  path: Assets/Karting/Art/Materials/Level/Rock.mat
  artifactKey: Guid(dbba4e34f617e43a695a20cd0f18b5ab) Importer(815301076,1909f56bfc062723c751e8b465ee728b)
Number of updated assets reloaded before import = 0
Start importing Assets/Karting/Art/Materials/Level/Rock.mat using Guid(dbba4e34f617e43a695a20cd0f18b5ab) Importer(815301076,1909f56bfc062723c751e8b465ee728b)  -> (artifact id: '1a42621347c77e470e47481a4390ba3d') in 0.011350 seconds 
Number of asset objects unloaded after import = 2
========================================================================
Received Import Request.
  Time since last request: 0.204571 seconds.
  path: Assets/Karting/Art/Materials/Level/Skybox.mat
  artifactKey: Guid(d0b5f93ffa1d8834099969a91bd01886) Importer(815301076,1909f56bfc062723c751e8b465ee728b)
Number of updated assets reloaded before import = 0
Start importing Assets/Karting/Art/Materials/Level/Skybox.mat using Guid(d0b5f93ffa1d8834099969a91bd01886) Importer(815301076,1909f56bfc062723c751e8b465ee728b)  -> (artifact id: '1b0d93ce6f00048d4f1fce98679232a4') in 0.017519 seconds 
Number of asset objects unloaded after import = 8
========================================================================
Received Import Request.
  Time since last request: 0.702645 seconds.
  path: Assets/Karting/Art/Models/Kart_Classic/KartClassic_Piece.FBX
  artifactKey: Guid(f646448445cac684aa700a02a5b06ae5) Importer(815301076,1909f56bfc062723c751e8b465ee728b)
Number of updated assets reloaded before import = 0
Start importing Assets/Karting/Art/Models/Kart_Classic/KartClassic_Piece.FBX using Guid(f646448445cac684aa700a02a5b06ae5) Importer(815301076,1909f56bfc062723c751e8b465ee728b)  -> (artifact id: 'bbe01d67ba7842e8f9d5ccb4de1f74e2') in 0.095880 seconds 
Number of asset objects unloaded after import = 51
========================================================================
Received Import Request.
  Time since last request: 6.739195 seconds.
  path: Assets/ModAssets/Materials/TrailMaterials/FireTrailMaterial.mat
  artifactKey: Guid(1cdc620dc87bd45acbd2dfd2cc6560eb) Importer(815301076,1909f56bfc062723c751e8b465ee728b)
Number of updated assets reloaded before import = 0
Start importing Assets/ModAssets/Materials/TrailMaterials/FireTrailMaterial.mat using Guid(1cdc620dc87bd45acbd2dfd2cc6560eb) Importer(815301076,1909f56bfc062723c751e8b465ee728b)  -> (artifact id: '0192326414ade25837718acf78cfd7ff') in 0.068400 seconds 
Number of asset objects unloaded after import = 2
========================================================================
Received Import Request.
  Time since last request: 0.377921 seconds.
  path: Assets/ModAssets/Models/AncientProps/Archway.fbx
  artifactKey: Guid(8845e58e723a048699e6cf81997a1af0) Importer(815301076,1909f56bfc062723c751e8b465ee728b)
Number of updated assets reloaded before import = 0
Start importing Assets/ModAssets/Models/AncientProps/Archway.fbx using Guid(8845e58e723a048699e6cf81997a1af0) Importer(815301076,1909f56bfc062723c751e8b465ee728b)  -> (artifact id: '2fc8df121e5b63199375d8fc272d3572') in 0.029888 seconds 
Number of asset objects unloaded after import = 9
========================================================================
Received Import Request.
  Time since last request: 0.000017 seconds.
  path: Assets/ModAssets/Materials/Custom Materials/Basic Green.mat
  artifactKey: Guid(85a5f987437cc4794b97b153a23d7ccb) Importer(815301076,1909f56bfc062723c751e8b465ee728b)
Number of updated assets reloaded before import = 0
Start importing Assets/ModAssets/Materials/Custom Materials/Basic Green.mat using Guid(85a5f987437cc4794b97b153a23d7ccb) Importer(815301076,1909f56bfc062723c751e8b465ee728b)  -> (artifact id: 'd53118d89f90710d221f250848dd1ba3') in 0.010239 seconds 
Number of asset objects unloaded after import = 2
========================================================================
Received Import Request.
  Time since last request: 0.000031 seconds.
  path: Assets/ModAssets/Materials/Custom Materials/Basic White.mat
  artifactKey: Guid(80aca137a2109463fb6c86f09a521374) Importer(815301076,1909f56bfc062723c751e8b465ee728b)
Number of updated assets reloaded before import = 0
Start importing Assets/ModAssets/Materials/Custom Materials/Basic White.mat using Guid(80aca137a2109463fb6c86f09a521374) Importer(815301076,1909f56bfc062723c751e8b465ee728b)  -> (artifact id: '5923fb5d9b5e2e42230715e532b9dbe9') in 0.010659 seconds 
Number of asset objects unloaded after import = 2
Editor requested this worker to shutdown with reason: Scaling down because of idle timeout
AssetImportWorker is now disconnected from the server
Process exiting
Exiting without the bug reporter. Application will terminate with return code 0